<?xml version="1.0" encoding="UTF-8"?>
<testng-results ignored="0" total="1" passed="1" failed="0" skipped="0">
  <reporter-output>
  </reporter-output>
  <suite started-at="2022-10-23T17:41:26 IST" name="Default suite" finished-at="2022-10-23T17:42:01 IST" duration-ms="34443">
    <groups>
    </groups>
    <test started-at="2022-10-23T17:41:26 IST" name="Default test" finished-at="2022-10-23T17:42:01 IST" duration-ms="34443">
      <class name="com.testLayer.SellTrade">
        <test-method is-config="true" signature="openBrowser()[pri:0, instance:com.testLayer.SellTrade@192d43ce]" started-at="2022-10-23T17:41:26 IST" name="openBrowser" finished-at="2022-10-23T17:41:37 IST" duration-ms="10479" status="PASS">
          <reporter-output>
          </reporter-output>
        </test-method> <!-- openBrowser -->
        <test-method signature="SellWiproTrade()[pri:0, instance:com.testLayer.SellTrade@192d43ce]" started-at="2022-10-23T17:41:37 IST" name="SellWiproTrade" finished-at="2022-10-23T17:42:01 IST" duration-ms="23927" status="PASS">
          <reporter-output>
          </reporter-output>
        </test-method> <!-- SellWiproTrade -->
        <test-method is-config="true" signature="tearDown()[pri:0, instance:com.testLayer.SellTrade@192d43ce]" started-at="2022-10-23T17:42:01 IST" name="tearDown" finished-at="2022-10-23T17:42:01 IST" duration-ms="1" status="PASS">
          <reporter-output>
          </reporter-output>
        </test-method> <!-- tearDown -->
      </class> <!-- com.testLayer.SellTrade -->
    </test> <!-- Default test -->
  </suite> <!-- Default suite -->
</testng-results>
